SF:lib\core\error\exceptions.dart
DA:3,3
DA:6,2
DA:7,4
DA:12,1
DA:15,1
DA:16,2
DA:21,1
DA:24,1
DA:25,2
DA:30,1
DA:33,1
DA:34,2
DA:39,1
DA:42,1
DA:43,2
LF:15
LH:15
end_of_record
SF:lib\core\error\failures.dart
DA:5,9
DA:11,9
DA:16,1
DA:21,1
DA:26,1
DA:31,1
DA:36,1
LF:7
LH:7
end_of_record
SF:lib\features\anime\data\datasources\anime_local_datasource.dart
DA:13,1
DA:16,2
DA:21,1
DA:24,4
DA:25,3
DA:26,2
DA:27,3
DA:33,1
DA:36,3
DA:41,2
DA:42,3
DA:44,1
DA:45,2
DA:46,3
DA:50,2
DA:55,1
DA:57,3
DA:58,1
DA:60,1
DA:65,1
DA:67,2
LF:21
LH:21
end_of_record
SF:lib\features\anime\data\models\anime_model.dart
DA:4,3
DA:32,3
DA:33,4
DA:34,3
DA:35,3
DA:36,3
DA:37,3
DA:38,3
DA:39,2
DA:40,4
DA:42,3
DA:43,3
DA:44,6
DA:46,3
DA:47,4
DA:48,3
DA:49,3
DA:50,3
DA:54,2
DA:55,2
DA:56,2
DA:57,2
DA:58,2
DA:59,2
DA:60,2
DA:61,2
DA:62,2
DA:63,2
DA:64,2
DA:65,2
DA:66,2
DA:67,2
DA:71,3
DA:72,3
DA:73,3
DA:74,3
DA:75,3
DA:76,3
DA:77,3
DA:78,3
DA:79,3
DA:80,3
DA:81,3
DA:82,3
DA:83,3
DA:84,3
LF:46
LH:46
end_of_record
SF:lib\features\anime\data\datasources\anime_remote_datasource.dart
DA:21,1
DA:24,1
DA:27,1
DA:28,1
DA:31,1
DA:34,1
DA:35,1
DA:38,1
DA:41,1
DA:42,1
DA:45,1
DA:48,1
DA:49,1
DA:52,1
DA:55,1
DA:56,1
DA:59,1
DA:62,1
DA:63,1
DA:66,1
DA:69,1
DA:70,1
DA:73,1
DA:76,3
DA:77,1
DA:78,1
DA:79,2
DA:83,2
DA:87,1
DA:89,2
DA:90,1
DA:91,1
DA:92,1
DA:94,3
DA:95,1
DA:97,1
DA:99,2
LF:37
LH:37
end_of_record
SF:lib\core\network\api_client.dart
DA:13,1
DA:17,0
DA:18,0
DA:19,0
DA:23,0
DA:31,0
DA:32,0
DA:41,0
DA:46,1
DA:51,2
DA:56,1
DA:57,1
DA:61,1
DA:62,1
DA:63,1
DA:64,1
DA:65,1
DA:68,1
DA:70,1
DA:71,2
DA:72,2
DA:74,0
DA:80,0
DA:83,0
DA:85,0
LF:25
LH:14
end_of_record
SF:lib\features\anime\data\repositories\anime_repository_impl.dart
DA:11,2
DA:19,2
DA:24,4
DA:25,5
DA:26,2
DA:28,2
DA:29,4
DA:30,10
DA:31,2
DA:32,3
DA:34,3
DA:39,1
DA:42,1
DA:43,1
DA:44,3
DA:48,1
DA:51,1
DA:52,1
DA:53,3
DA:57,1
DA:60,1
DA:61,1
DA:62,3
DA:66,1
DA:69,1
DA:70,1
DA:71,3
DA:75,1
DA:78,1
DA:79,1
DA:80,3
DA:85,1
DA:89,2
DA:91,5
DA:92,1
DA:93,3
DA:95,0
DA:99,1
DA:102,1
DA:103,1
DA:104,3
DA:109,1
DA:112,2
DA:113,2
DA:114,1
DA:115,3
DA:117,0
LF:47
LH:45
end_of_record
SF:lib\core\network\api_endpoints.dart
DA:5,0
DA:25,0
DA:26,0
DA:27,0
DA:28,0
LF:5
LH:0
end_of_record
SF:lib\features\anime\domain\usecases\get_anime_details.dart
DA:8,1
DA:11,1
DA:12,3
DA:17,2
DA:20,0
DA:21,0
LF:6
LH:4
end_of_record
SF:lib\features\anime\domain\usecases\get_most_popular_animes.dart
DA:8,1
DA:11,1
DA:12,2
DA:13,1
DA:14,1
DA:20,2
DA:24,1
DA:25,3
LF:8
LH:8
end_of_record
SF:lib\features\anime\domain\usecases\get_top_rated_animes.dart
DA:8,1
DA:11,1
DA:12,2
DA:13,1
DA:14,1
DA:20,2
DA:24,1
DA:25,3
LF:8
LH:8
end_of_record
SF:lib\features\anime\domain\usecases\get_upcoming_animes.dart
DA:8,1
DA:11,1
DA:12,2
DA:13,1
DA:14,1
DA:20,2
DA:24,1
DA:25,3
LF:8
LH:8
end_of_record
SF:lib\features\anime\domain\usecases\get_currently_airing_animes.dart
DA:8,1
DA:11,1
DA:13,2
DA:14,1
DA:15,1
DA:21,2
DA:25,1
DA:26,3
LF:8
LH:8
end_of_record
SF:lib\features\anime\domain\usecases\get_animes_by_category.dart
DA:8,1
DA:11,1
DA:12,2
DA:13,1
DA:14,1
DA:15,1
DA:21,2
DA:27,1
DA:28,4
LF:9
LH:9
end_of_record
SF:lib\features\anime\domain\usecases\get_trending_animes.dart
DA:8,1
DA:11,1
DA:12,2
DA:13,1
DA:14,1
DA:20,2
DA:24,0
DA:25,0
LF:8
LH:6
end_of_record
SF:lib\features\anime\domain\usecases\search_animes.dart
DA:8,1
DA:11,1
DA:12,2
DA:13,1
DA:14,1
DA:15,1
DA:21,2
DA:27,0
DA:28,0
LF:9
LH:7
end_of_record
SF:lib\features\anime\presentation\bloc\anime_bloc.dart
DA:18,1
DA:27,1
DA:28,2
DA:29,2
DA:30,2
DA:31,2
DA:32,2
DA:33,2
DA:34,2
DA:35,2
DA:36,2
DA:54,1
DA:58,1
DA:59,1
DA:60,2
DA:62,2
DA:63,3
DA:66,1
DA:67,4
DA:68,3
DA:70,3
DA:76,1
DA:80,1
DA:81,1
DA:82,2
DA:84,2
DA:85,3
DA:88,1
DA:89,4
DA:90,3
DA:92,3
DA:98,1
DA:102,1
DA:103,1
DA:104,2
DA:106,2
DA:107,3
DA:110,1
DA:111,0
DA:112,3
DA:114,3
DA:120,1
DA:124,1
DA:125,1
DA:126,2
DA:128,2
DA:129,3
DA:132,1
DA:133,0
DA:134,3
DA:136,3
DA:142,1
DA:146,1
DA:147,1
DA:148,2
DA:150,2
DA:151,3
DA:154,1
DA:155,0
DA:156,3
DA:158,3
DA:164,1
DA:168,1
DA:169,1
DA:170,2
DA:171,2
DA:173,2
DA:174,1
DA:175,3
DA:178,1
DA:179,4
DA:180,3
DA:184,1
DA:188,1
DA:189,1
DA:190,2
DA:191,2
DA:193,2
DA:194,1
DA:195,1
DA:196,1
DA:197,1
DA:201,1
DA:202,0
DA:203,3
DA:205,3
DA:211,1
DA:215,1
DA:216,4
DA:218,1
DA:219,4
DA:220,3
DA:224,1
DA:228,1
DA:229,2
DA:230,3
DA:231,3
DA:234,1
DA:235,1
DA:236,2
DA:237,3
DA:240,0
DA:241,0
DA:242,0
DA:245,0
DA:246,0
DA:247,0
DA:250,0
DA:251,0
DA:252,0
DA:255,0
DA:256,0
DA:257,0
DA:258,0
DA:261,0
DA:262,0
DA:263,0
DA:264,0
DA:265,0
DA:266,0
DA:267,0
DA:272,0
DA:273,0
DA:274,0
DA:275,0
DA:276,0
DA:277,0
DA:278,0
DA:287,1
DA:288,0
DA:289,1
DA:290,2
DA:291,2
DA:292,3
DA:293,1
LF:135
LH:103
end_of_record
SF:lib\features\anime\presentation\bloc\anime_event.dart
DA:4,1
DA:6,0
DA:7,0
DA:11,1
DA:14,0
DA:15,0
DA:19,1
DA:22,0
DA:23,0
DA:27,1
DA:30,0
DA:31,0
DA:35,1
DA:38,0
DA:39,0
DA:43,1
DA:46,0
DA:47,0
DA:51,1
DA:55,0
DA:56,0
DA:60,1
DA:64,0
DA:65,0
DA:69,1
DA:72,0
DA:73,0
DA:77,1
LF:28
LH:10
end_of_record
SF:lib\features\anime\presentation\bloc\anime_state.dart
DA:15,1
DA:17,1
DA:18,1
DA:22,1
DA:26,1
DA:30,1
DA:40,1
DA:41,4
DA:45,1
DA:48,1
DA:49,2
DA:53,1
DA:56,1
DA:57,2
DA:61,1
DA:64,1
DA:65,2
DA:69,1
DA:72,1
DA:73,2
LF:20
LH:20
end_of_record
SF:lib\features\auth\data\datasources\auth_remote_datasource.dart
DA:25,0
DA:31,0
DA:34,0
DA:38,0
DA:42,0
DA:43,0
DA:44,0
DA:45,0
DA:46,0
DA:47,0
DA:49,0
DA:52,0
DA:53,0
DA:54,0
DA:56,0
DA:60,0
DA:63,0
DA:68,0
DA:69,0
DA:70,0
DA:71,0
DA:75,0
DA:76,0
DA:80,0
DA:81,0
DA:82,0
DA:83,0
DA:84,0
DA:85,0
DA:86,0
DA:88,0
DA:91,0
DA:92,0
DA:93,0
DA:95,0
DA:99,0
DA:102,0
DA:103,0
DA:107,0
DA:108,0
DA:113,0
DA:115,0
DA:116,0
DA:118,0
DA:122,0
DA:125,0
DA:126,0
DA:128,0
DA:132,0
DA:134,0
DA:136,0
DA:137,0
DA:138,0
DA:139,0
DA:140,0
DA:144,0
DA:151,0
DA:154,0
DA:155,0
DA:156,0
DA:158,0
DA:159,0
DA:160,0
DA:161,0
DA:163,0
DA:165,0
DA:166,0
DA:168,0
LF:68
LH:0
end_of_record
SF:lib\features\auth\data\models\user_model.dart
DA:12,1
DA:22,1
DA:23,1
DA:24,1
DA:25,1
DA:26,1
DA:27,1
DA:28,1
DA:29,1
DA:30,1
DA:31,2
DA:32,1
DA:37,1
DA:38,1
DA:39,1
DA:40,1
DA:41,1
DA:42,1
DA:43,1
DA:44,1
DA:45,1
DA:49,1
DA:50,1
DA:51,1
DA:52,1
DA:53,1
DA:54,1
DA:55,1
DA:56,1
DA:57,1
DA:61,1
DA:62,1
DA:63,1
DA:64,1
DA:65,1
DA:66,1
DA:67,1
DA:68,1
DA:69,1
LF:39
LH:39
end_of_record
SF:lib\features\auth\data\repositories\auth_repository_impl.dart
DA:11,2
DA:13,2
DA:17,4
DA:18,2
DA:19,2
DA:20,3
DA:22,3
DA:26,2
DA:29,4
DA:30,2
DA:31,2
DA:32,3
DA:34,3
DA:38,2
DA:41,4
DA:42,2
DA:43,1
DA:44,3
DA:46,3
DA:50,1
DA:53,2
DA:55,1
DA:56,3
DA:58,0
DA:62,2
DA:65,5
DA:71,1
DA:78,2
DA:83,2
DA:84,1
DA:85,3
DA:87,0
LF:32
LH:30
end_of_record
SF:lib\features\auth\domain\usecases\get_current_user.dart
DA:7,1
DA:9,1
DA:10,2
LF:3
LH:3
end_of_record
SF:lib\features\auth\domain\usecases\sign_in_as_guest.dart
DA:9,1
DA:11,1
DA:12,2
LF:3
LH:3
end_of_record
SF:lib\features\auth\domain\usecases\sign_in_with_email.dart
DA:9,1
DA:11,1
DA:12,2
LF:3
LH:3
end_of_record
SF:lib\features\auth\domain\usecases\sign_in_with_google.dart
DA:9,1
DA:11,1
DA:12,2
LF:3
LH:3
end_of_record
SF:lib\features\auth\domain\usecases\sign_out.dart
DA:8,1
DA:10,1
DA:11,2
LF:3
LH:3
end_of_record
SF:lib\features\auth\domain\usecases\update_user_profile.dart
DA:9,1
DA:11,1
DA:16,2
LF:3
LH:3
end_of_record
SF:lib\features\auth\presentation\bloc\auth_bloc.dart
DA:19,1
DA:26,2
DA:27,2
DA:28,2
DA:29,2
DA:30,2
DA:31,2
DA:32,2
DA:35,1
DA:36,2
DA:37,2
DA:39,2
DA:41,2
DA:45,1
DA:47,2
DA:48,4
DA:49,1
DA:50,4
DA:51,3
DA:55,1
DA:57,2
DA:58,2
DA:59,1
DA:60,0
DA:61,3
DA:65,1
DA:67,2
DA:68,2
DA:69,1
DA:70,0
DA:71,3
DA:75,1
DA:76,2
DA:77,2
DA:78,1
DA:79,0
DA:80,3
DA:84,1
DA:86,2
DA:87,2
DA:88,2
DA:89,1
DA:90,1
DA:91,1
DA:93,1
DA:94,0
DA:95,3
LF:47
LH:43
end_of_record
SF:lib\features\auth\presentation\bloc\auth_event.dart
DA:4,1
DA:5,0
DA:6,0
DA:14,1
DA:15,0
DA:16,0
DA:29,1
DA:31,0
DA:32,0
LF:9
LH:3
end_of_record
SF:lib\features\auth\presentation\bloc\auth_state.dart
DA:5,1
DA:6,1
DA:7,1
DA:16,1
DA:17,1
DA:18,2
DA:25,1
DA:26,1
DA:27,2
LF:9
LH:9
end_of_record
SF:lib\features\character\domain\usecases\get_characters.dart
DA:9,1
DA:11,1
DA:13,2
LF:3
LH:3
end_of_record
SF:lib\features\character\presentation\bloc\character_bloc.dart
DA:14,2
DA:17,4
DA:18,4
DA:19,4
DA:20,4
DA:23,2
DA:25,4
DA:26,2
DA:28,8
DA:30,2
DA:31,4
DA:32,2
DA:33,6
DA:34,4
DA:35,6
DA:40,2
DA:42,2
DA:43,4
DA:44,4
DA:46,1
DA:47,4
DA:48,1
DA:49,3
DA:50,2
DA:51,3
DA:52,3
DA:59,1
DA:61,2
DA:62,1
DA:65,5
DA:67,1
DA:68,0
DA:69,1
DA:70,3
DA:71,2
DA:72,3
LF:36
LH:35
end_of_record
SF:lib\features\character\presentation\bloc\character_event.dart
DA:4,2
DA:6,0
DA:7,0
DA:17,2
DA:19,0
DA:20,0
LF:6
LH:2
end_of_record
SF:lib\features\character\presentation\bloc\character_state.dart
DA:5,2
DA:7,2
DA:8,2
DA:19,2
DA:21,2
DA:22,6
DA:28,2
DA:30,2
DA:31,4
LF:9
LH:9
end_of_record
SF:lib\features\episode\domain\usecases\get_episodes.dart
DA:9,1
DA:11,1
DA:13,2
LF:3
LH:3
end_of_record
SF:lib\features\episode\presentation\bloc\episode_bloc.dart
DA:10,6
DA:11,4
DA:12,4
DA:15,2
DA:17,4
DA:18,6
DA:19,2
DA:20,4
DA:21,2
DA:22,4
DA:24,2
DA:25,4
DA:26,2
DA:27,4
DA:33,2
DA:35,4
DA:36,2
DA:37,2
DA:39,2
DA:40,1
DA:41,2
DA:45,1
DA:46,4
DA:47,1
DA:48,2
DA:49,2
DA:50,3
DA:52,1
LF:28
LH:28
end_of_record
SF:lib\features\episode\presentation\bloc\episode_event.dart
DA:4,1
DA:5,0
DA:6,0
DA:11,1
DA:12,0
DA:13,0
DA:18,1
DA:19,0
DA:20,0
LF:9
LH:3
end_of_record
SF:lib\features\episode\presentation\bloc\episode_state.dart
DA:5,2
DA:6,2
DA:7,2
DA:19,2
DA:25,2
DA:26,8
DA:31,2
DA:32,2
DA:33,4
LF:9
LH:9
end_of_record
SF:lib\features\character\data\datasources\character_remote_datasource.dart
DA:15,0
DA:17,0
DA:21,0
DA:23,0
DA:29,0
DA:31,0
DA:32,0
DA:34,0
DA:38,0
DA:42,0
DA:43,0
DA:44,0
DA:50,0
DA:52,0
DA:54,0
DA:55,0
DA:58,0
DA:59,0
DA:62,0
DA:63,0
DA:64,0
DA:65,0
DA:67,0
LF:23
LH:0
end_of_record
SF:lib\features\character\data\models\character_model.dart
DA:12,2
DA:22,1
DA:23,1
DA:24,1
DA:25,1
DA:26,1
DA:27,1
DA:28,1
DA:29,1
DA:31,1
DA:32,2
DA:33,1
DA:34,1
DA:35,1
DA:36,1
DA:37,1
DA:38,1
DA:40,2
DA:44,1
DA:45,1
DA:46,1
DA:47,1
DA:48,1
DA:49,2
DA:50,1
DA:51,1
DA:52,2
DA:53,2
DA:58,1
DA:59,1
DA:60,1
DA:61,1
DA:62,2
DA:63,1
DA:64,1
DA:65,2
DA:66,1
DA:75,2
DA:77,2
DA:78,2
DA:79,2
DA:80,2
DA:84,1
DA:85,1
DA:86,1
DA:87,1
DA:95,2
DA:97,2
DA:98,2
DA:99,2
DA:103,1
DA:104,1
DA:105,1
DA:110,1
DA:112,1
DA:115,1
DA:117,1
LF:57
LH:57
end_of_record
SF:lib\features\character\data\repositories\character_repository_impl.dart
DA:11,1
DA:13,1
DA:18,2
DA:19,5
DA:20,1
DA:21,3
DA:23,3
DA:27,1
DA:31,2
DA:33,5
DA:34,1
DA:35,3
DA:37,0
LF:13
LH:12
end_of_record
SF:lib\features\character\domain\usecases\get_anime_characters.dart
DA:9,1
DA:11,1
DA:13,2
LF:3
LH:3
end_of_record
SF:lib\features\episode\data\datasources\episode_remote_datasource.dart
DA:13,0
DA:15,0
DA:19,0
DA:20,0
DA:21,0
DA:27,0
DA:28,0
DA:29,0
DA:31,0
DA:32,0
DA:34,0
DA:36,0
LF:12
LH:0
end_of_record
SF:lib\features\episode\data\models\episode_model.dart
DA:7,2
DA:12,1
DA:13,1
DA:14,1
DA:15,1
DA:16,1
DA:20,1
DA:21,1
DA:22,1
DA:23,2
DA:27,1
DA:28,1
DA:29,1
DA:30,2
DA:31,2
DA:32,3
DA:33,2
DA:34,2
DA:35,2
DA:49,2
DA:58,2
DA:59,2
DA:60,2
DA:61,2
DA:62,2
DA:63,2
DA:65,2
DA:66,2
DA:67,2
DA:71,1
DA:72,1
DA:73,1
DA:74,1
DA:75,2
DA:76,1
DA:77,1
DA:78,1
DA:86,2
DA:88,1
DA:89,1
DA:90,1
DA:94,1
DA:95,1
DA:96,1
LF:44
LH:44
end_of_record
SF:lib\features\episode\data\repositories\episode_repository_impl.dart
DA:11,1
DA:13,1
DA:17,2
DA:19,5
DA:20,1
DA:21,3
DA:23,3
LF:7
LH:7
end_of_record
SF:lib\features\category\data\datasources\category_remote_datasource.dart
DA:14,0
DA:16,0
DA:20,0
DA:22,0
DA:27,0
DA:29,0
DA:30,0
DA:32,0
DA:36,0
DA:40,0
DA:42,0
DA:48,0
DA:50,0
DA:51,0
DA:53,0
LF:15
LH:0
end_of_record
SF:lib\features\category\data\models\category_model.dart
DA:10,2
DA:18,1
DA:19,1
DA:20,1
DA:21,1
DA:22,1
DA:23,1
DA:24,1
DA:25,1
DA:29,1
DA:30,1
DA:31,1
DA:32,1
DA:33,1
DA:34,1
DA:35,1
DA:36,1
DA:41,1
DA:42,1
DA:43,1
DA:44,1
DA:45,1
DA:46,1
DA:47,1
LF:24
LH:24
end_of_record
SF:lib\features\category\data\repositories\category_repository_impl.dart
DA:11,1
DA:13,1
DA:17,2
DA:18,5
DA:19,1
DA:20,3
DA:22,3
DA:26,1
DA:31,2
DA:32,5
DA:33,1
DA:34,3
DA:36,0
LF:13
LH:12
end_of_record
SF:lib\features\category\domain\usecases\get_all_categories.dart
DA:9,1
DA:11,1
DA:13,2
LF:3
LH:3
end_of_record
SF:lib\features\category\domain\usecases\get_trending_categories.dart
DA:9,1
DA:11,1
DA:12,2
LF:3
LH:3
end_of_record
SF:lib\features\category\presentation\bloc\category_bloc.dart
DA:13,1
DA:16,2
DA:17,2
DA:18,2
DA:19,2
DA:22,1
DA:24,2
DA:25,1
DA:27,2
DA:29,1
DA:30,4
DA:31,1
DA:32,2
DA:36,1
DA:38,2
DA:39,1
DA:41,2
DA:43,1
DA:44,0
DA:45,2
DA:46,1
DA:50,1
DA:52,1
DA:53,2
DA:55,0
LF:25
LH:23
end_of_record
SF:lib\features\category\presentation\bloc\category_event.dart
DA:4,1
DA:6,0
DA:7,0
LF:3
LH:1
end_of_record
SF:lib\features\category\presentation\bloc\category_state.dart
DA:5,1
DA:7,1
DA:8,1
DA:19,1
DA:22,1
DA:23,3
DA:29,1
DA:31,1
DA:32,2
LF:9
LH:9
end_of_record
SF:lib\features\favorites\domain\usecases\toggle_favorite.dart
DA:8,2
DA:10,2
DA:11,4
DA:12,2
DA:13,0
DA:14,2
DA:16,4
DA:18,4
LF:8
LH:7
end_of_record
SF:lib\features\favorites\data\datasources\favorites_remote_datasource.dart
DA:14,0
DA:16,0
DA:19,0
DA:20,0
DA:21,0
DA:22,0
DA:23,0
DA:24,0
DA:26,0
DA:30,0
DA:33,0
DA:34,0
DA:35,0
DA:36,0
DA:37,0
DA:38,0
DA:40,0
DA:44,0
DA:47,0
DA:48,0
DA:49,0
DA:50,0
DA:51,0
DA:52,0
DA:54,0
DA:58,0
DA:61,0
DA:62,0
DA:63,0
DA:64,0
DA:65,0
DA:66,0
DA:67,0
DA:69,0
LF:34
LH:0
end_of_record
SF:lib\features\favorites\data\repositories\favorites_repository_impl.dart
DA:10,2
DA:12,1
DA:15,2
DA:16,1
DA:17,1
DA:18,3
DA:20,3
DA:24,1
DA:28,2
DA:30,1
DA:31,3
DA:33,0
DA:37,1
DA:41,2
DA:43,1
DA:44,3
DA:46,0
DA:50,2
DA:54,4
DA:55,1
DA:56,1
DA:57,3
DA:59,3
LF:23
LH:21
end_of_record
SF:lib\features\favorites\domain\usecases\get_favorites.dart
DA:8,1
DA:10,1
DA:11,2
LF:3
LH:3
end_of_record
SF:lib\features\favorites\presentation\bloc\favorites_bloc.dart
DA:11,1
DA:14,2
DA:15,2
DA:16,2
DA:20,1
DA:22,2
DA:23,3
DA:24,1
DA:25,4
DA:26,4
DA:30,1
DA:32,2
DA:33,1
DA:34,2
DA:37,2
DA:38,2
DA:40,2
DA:42,2
DA:44,4
DA:47,1
DA:48,0
LF:21
LH:20
end_of_record
SF:lib\features\favorites\presentation\bloc\favorites_event.dart
DA:4,2
DA:5,0
DA:6,0
DA:11,2
DA:12,0
DA:13,0
DA:19,2
DA:20,0
DA:21,0
DA:27,0
DA:28,0
DA:29,0
LF:12
LH:3
end_of_record
SF:lib\features\favorites\presentation\bloc\favorites_state.dart
DA:4,2
DA:5,1
DA:6,1
DA:15,2
DA:16,1
DA:17,2
DA:22,2
DA:23,1
DA:24,2
LF:9
LH:9
end_of_record
SF:lib\features\settings\domain\usecases\change_language.dart
DA:8,1
DA:10,1
DA:11,2
LF:3
LH:3
end_of_record
SF:lib\features\settings\domain\usecases\toggle_theme.dart
DA:8,1
DA:10,1
DA:11,2
LF:3
LH:3
end_of_record
SF:lib\features\settings\presentation\bloc\settings_bloc.dart
DA:13,1
DA:17,2
DA:18,2
DA:19,2
DA:20,2
DA:23,1
DA:24,2
DA:25,2
DA:30,2
DA:31,2
DA:33,2
DA:36,1
DA:38,2
DA:39,1
DA:40,3
DA:41,1
DA:42,0
DA:43,3
DA:44,2
DA:49,1
DA:51,2
DA:52,1
DA:53,3
DA:54,1
DA:55,0
DA:56,3
DA:57,2
LF:27
LH:25
end_of_record
SF:lib\features\settings\presentation\bloc\settings_event.dart
DA:4,1
DA:5,0
DA:6,0
DA:13,1
DA:14,0
DA:15,0
DA:20,1
DA:21,0
DA:22,0
LF:9
LH:3
end_of_record
SF:lib\features\settings\presentation\bloc\settings_state.dart
DA:4,1
DA:5,0
DA:6,0
DA:15,1
DA:17,1
DA:18,3
DA:23,0
DA:24,0
DA:25,0
LF:9
LH:4
end_of_record
